cl : командная строка warning D9035: использование параметра "clr:pure" нежелательно, он будет удален в следующих выпусках
  stdafx.cpp
cl : командная строка warning D9035: использование параметра "clr:pure" нежелательно, он будет удален в следующих выпусках
  AssemblyInfo.cpp
AssemblyInfo.cpp(40): warning C4947: System::Security::Permissions::SecurityAction::RequestMinimum: помечен как устаревший
  AssemblyInfo.cpp(40): note: Сообщение: "Assembly level declarative security is obsolete and is no longer enforced by the CLR by default. See http://go.microsoft.com/fwlink/?LinkID=155570 for more information."
  com_port.cpp
com_port.cpp(33): warning C4129: C: неизвестная escape-последовательность
  ProjectForReadData.cpp
c:\users\tmp\desktop\computer\lening\scientific_work\implementation\projectforreaddata\projectforreaddata\Form1.h(53): warning C4244: =: преобразование "double" в "float", возможна потеря данных
c:\users\tmp\desktop\computer\lening\scientific_work\implementation\projectforreaddata\projectforreaddata\Form1.h(55): warning C4244: =: преобразование "double" в "float", возможна потеря данных
c:\users\tmp\desktop\computer\lening\scientific_work\implementation\projectforreaddata\projectforreaddata\Form1.h(56): warning C4244: =: преобразование "double" в "float", возможна потеря данных
c:\users\tmp\desktop\computer\lening\scientific_work\implementation\projectforreaddata\projectforreaddata\Form1.h(71): warning C4552: -: оператор не имеет результата; требуется оператор с побочным действием
c:\users\tmp\desktop\computer\lening\scientific_work\implementation\projectforreaddata\projectforreaddata\Form1.h(77): warning C4552: +: оператор не имеет результата; требуется оператор с побочным действием
c:\users\tmp\desktop\computer\lening\scientific_work\implementation\projectforreaddata\projectforreaddata\Form1.h(472): warning C4244: инициализация: преобразование "double" в "float", возможна потеря данных
c:\users\tmp\desktop\computer\lening\scientific_work\implementation\projectforreaddata\projectforreaddata\Form1.h(480): warning C4244: return: преобразование "double" в "float", возможна потеря данных
c:\users\tmp\desktop\computer\lening\scientific_work\implementation\projectforreaddata\projectforreaddata\Form1.h(708): warning C4244: =: преобразование "double" в "float", возможна потеря данных
c:\users\tmp\desktop\computer\lening\scientific_work\implementation\projectforreaddata\projectforreaddata\Form1.h(709): warning C4244: =: преобразование "double" в "float", возможна потеря данных
c:\users\tmp\desktop\computer\lening\scientific_work\implementation\projectforreaddata\projectforreaddata\Form1.h(722): warning C4244: =: преобразование "double" в "float", возможна потеря данных
c:\users\tmp\desktop\computer\lening\scientific_work\implementation\projectforreaddata\projectforreaddata\Form1.h(723): warning C4244: =: преобразование "double" в "float", возможна потеря данных
c:\users\tmp\desktop\computer\lening\scientific_work\implementation\projectforreaddata\projectforreaddata\Form1.h(724): warning C4244: =: преобразование "double" в "float", возможна потеря данных
  un2.cpp
  way_load.cpp
way_load.cpp(43): warning C4996: 'fopen': This function or variable may be unsafe. Consider using fopen_s instead. To disable deprecation, use _CRT_SECURE_NO_WARNINGS. See online help for details.
  C:\Program Files (x86)\Windows Kits\10\Include\10.0.10240.0\ucrt\stdio.h(205): note:  см. объявление "fopen"
way_load.cpp(129): warning C4996: 'fopen': This function or variable may be unsafe. Consider using fopen_s instead. To disable deprecation, use _CRT_SECURE_NO_WARNINGS. See online help for details.
  C:\Program Files (x86)\Windows Kits\10\Include\10.0.10240.0\ucrt\stdio.h(205): note:  см. объявление "fopen"
  Создание кода...
c:\users\tmp\desktop\computer\lening\scientific_work\implementation\projectforreaddata\projectforreaddata\stubs.h(75): warning C4700: использована неинициализированная локальная переменная "countMap"
c:\users\tmp\desktop\computer\lening\scientific_work\implementation\projectforreaddata\projectforreaddata\stubs.h(76): warning C4700: использована неинициализированная локальная переменная "countWay"
cl : командная строка warning D9035: использование параметра "clr:pure" нежелательно, он будет удален в следующих выпусках
  .NETFramework,Version=v4.6.1.AssemblyAttributes.cpp
  AssemblyInfo.obj : /DEBUG:FASTLINK не поддерживается, если присутствует управляемый код; выполняется перезапуск компоновки с /DEBUG:FULL
way_load.obj : error LNK2028: ёё√ыър эр эхЁрчЁх°хээє■ ыхъёхьє (0A000014) "struct HINSTANCE__ * __clrcall Base01LoadFun1(int *,struct GBASE_FUN01 *)" (?Base01LoadFun1@@$$FYMPAUHINSTANCE__@@PAHPAUGBASE_FUN01@@@Z) т ЇєэъЎшш "struct Coord * __clrcall GetMap(int *,char *)" (?GetMap@@$$FYMPAUCoord@@PAHPAD@Z)
way_load.obj : error LNK2019: ёё√ыър эр эхЁрчЁх°хээ√щ тэх°эшщ ёшьтюы "struct HINSTANCE__ * __clrcall Base01LoadFun1(int *,struct GBASE_FUN01 *)" (?Base01LoadFun1@@$$FYMPAUHINSTANCE__@@PAHPAUGBASE_FUN01@@@Z) т ЇєэъЎшш "struct Coord * __clrcall GetMap(int *,char *)" (?GetMap@@$$FYMPAUCoord@@PAHPAD@Z)
C:\Users\Tmp\Desktop\computer\lening\scientific_work\implementation\ProjectForReadData\Debug\ProjectForReadData.exe : fatal error LNK1120: эхЁрчЁх°хээ√ї тэх°эшї ¤ыхьхэЄют: 2
