c:\users\tmp\desktop\computer\lening\scientific_work\implementation\projectforreaddata\projectforreaddata\debug\projectforreaddata.pch
c:\users\tmp\desktop\computer\lening\scientific_work\implementation\projectforreaddata\projectforreaddata\debug\vc141.pdb
c:\users\tmp\desktop\computer\lening\scientific_work\implementation\projectforreaddata\projectforreaddata\debug\stdafx.obj
c:\users\tmp\desktop\computer\lening\scientific_work\implementation\projectforreaddata\projectforreaddata\debug\way_load.obj
c:\users\tmp\desktop\computer\lening\scientific_work\implementation\projectforreaddata\projectforreaddata\debug\un2.obj
c:\users\tmp\desktop\computer\lening\scientific_work\implementation\projectforreaddata\projectforreaddata\debug\projectforreaddata.obj
c:\users\tmp\desktop\computer\lening\scientific_work\implementation\projectforreaddata\projectforreaddata\debug\com_port.obj
c:\users\tmp\desktop\computer\lening\scientific_work\implementation\projectforreaddata\projectforreaddata\debug\assemblyinfo.obj
c:\users\tmp\desktop\computer\lening\scientific_work\implementation\projectforreaddata\projectforreaddata\debug\.netframework,version=v4.6.1.assemblyattributes.obj
c:\users\tmp\desktop\computer\lening\scientific_work\implementation\projectforreaddata\projectforreaddata\debug\.netframework,version=v4.6.1.assemblyattributes.asm
c:\users\tmp\desktop\computer\lening\scientific_work\implementation\projectforreaddata\projectforreaddata\debug\projectf.6aeb817b.tlog\metagen.write.1.tlog
c:\users\tmp\desktop\computer\lening\scientific_work\implementation\projectforreaddata\projectforreaddata\debug\projectforreaddata.form1.resources
c:\users\tmp\desktop\computer\lening\scientific_work\implementation\projectforreaddata\projectforreaddata\debug\app.res
c:\users\tmp\desktop\computer\lening\scientific_work\implementation\projectforreaddata\projectforreaddata\debug\projectforreaddata.vcxproj.generateresource.cache
c:\users\tmp\desktop\computer\lening\scientific_work\implementation\projectforreaddata\projectforreaddata\debug\projectforreaddata.vcxproj.resolvecomreference.cache
c:\users\tmp\desktop\computer\lening\scientific_work\implementation\projectforreaddata\debug\projectforreaddata.pdb
c:\users\tmp\desktop\computer\lening\scientific_work\implementation\projectforreaddata\projectforreaddata\debug\projectf.6aeb817b.tlog\cl.command.1.tlog
c:\users\tmp\desktop\computer\lening\scientific_work\implementation\projectforreaddata\projectforreaddata\debug\projectf.6aeb817b.tlog\cl.read.1.tlog
c:\users\tmp\desktop\computer\lening\scientific_work\implementation\projectforreaddata\projectforreaddata\debug\projectf.6aeb817b.tlog\cl.write.1.tlog
c:\users\tmp\desktop\computer\lening\scientific_work\implementation\projectforreaddata\projectforreaddata\debug\projectf.6aeb817b.tlog\link.5784-cvtres.read.1.tlog
c:\users\tmp\desktop\computer\lening\scientific_work\implementation\projectforreaddata\projectforreaddata\debug\projectf.6aeb817b.tlog\link.5784-cvtres.write.1.tlog
c:\users\tmp\desktop\computer\lening\scientific_work\implementation\projectforreaddata\projectforreaddata\debug\projectf.6aeb817b.tlog\link.5784-rc.read.1.tlog
c:\users\tmp\desktop\computer\lening\scientific_work\implementation\projectforreaddata\projectforreaddata\debug\projectf.6aeb817b.tlog\link.5784-rc.write.1.tlog
c:\users\tmp\desktop\computer\lening\scientific_work\implementation\projectforreaddata\projectforreaddata\debug\projectf.6aeb817b.tlog\link.5784.read.1.tlog
c:\users\tmp\desktop\computer\lening\scientific_work\implementation\projectforreaddata\projectforreaddata\debug\projectf.6aeb817b.tlog\link.5784.write.1.tlog
c:\users\tmp\desktop\computer\lening\scientific_work\implementation\projectforreaddata\projectforreaddata\debug\projectf.6aeb817b.tlog\link.command.1.tlog
c:\users\tmp\desktop\computer\lening\scientific_work\implementation\projectforreaddata\projectforreaddata\debug\projectf.6aeb817b.tlog\link.read.1.tlog
c:\users\tmp\desktop\computer\lening\scientific_work\implementation\projectforreaddata\projectforreaddata\debug\projectf.6aeb817b.tlog\link.write.1.tlog
c:\users\tmp\desktop\computer\lening\scientific_work\implementation\projectforreaddata\projectforreaddata\debug\projectf.6aeb817b.tlog\metagen.read.1.tlog
c:\users\tmp\desktop\computer\lening\scientific_work\implementation\projectforreaddata\projectforreaddata\debug\projectf.6aeb817b.tlog\projectforreaddata.write.1u.tlog
c:\users\tmp\desktop\computer\lening\scientific_work\implementation\projectforreaddata\projectforreaddata\debug\projectf.6aeb817b.tlog\rc.command.1.tlog
c:\users\tmp\desktop\computer\lening\scientific_work\implementation\projectforreaddata\projectforreaddata\debug\projectf.6aeb817b.tlog\rc.read.1.tlog
c:\users\tmp\desktop\computer\lening\scientific_work\implementation\projectforreaddata\projectforreaddata\debug\projectf.6aeb817b.tlog\rc.write.1.tlog
c:\users\tmp\desktop\computer\lening\scientific_work\implementation\projectforreaddata\projectforreaddata\debug\projectf.6aeb817b.tlog\interop.wmlss.1.0.dll.metagen
c:\users\tmp\desktop\computer\lening\scientific_work\implementation\projectforreaddata\projectforreaddata\debug\projectf.6aeb817b.tlog\tzres.dll.bi
